Determining if the pthread_create exist failed with the following output:
Change Dir: /root/Desktop/Ros_Gazebo/p1/Build/CMakeFiles/CMakeTmp

Run Build Command:"/usr/bin/make" "cmTC_4fbb4/fast"
/usr/bin/make -f CMakeFiles/cmTC_4fbb4.dir/build.make CMakeFiles/cmTC_4fbb4.dir/build
make[1]: Entering directory '/root/Desktop/Ros_Gazebo/p1/Build/CMakeFiles/CMakeTmp'
Building C object CMakeFiles/cmTC_4fbb4.dir/CheckSymbolExists.c.o
/usr/bin/cc     -o CMakeFiles/cmTC_4fbb4.dir/CheckSymbolExists.c.o   -c /root/Desktop/Ros_Gazebo/p1/Build/CMakeFiles/CMakeTmp/CheckSymbolExists.c
Linking C executable cmTC_4fbb4
/usr/bin/cmake -E cmake_link_script CMakeFiles/cmTC_4fbb4.dir/link.txt --verbose=1
/usr/bin/cc       CMakeFiles/cmTC_4fbb4.dir/CheckSymbolExists.c.o  -o cmTC_4fbb4 -rdynamic 
CMakeFiles/cmTC_4fbb4.dir/CheckSymbolExists.c.o: In function `main':
CheckSymbolExists.c:(.text+0x16): undefined reference to `pthread_create'
collect2: error: ld returned 1 exit status
CMakeFiles/cmTC_4fbb4.dir/build.make:97: recipe for target 'cmTC_4fbb4' failed
make[1]: *** [cmTC_4fbb4] Error 1
make[1]: Leaving directory '/root/Desktop/Ros_Gazebo/p1/Build/CMakeFiles/CMakeTmp'
Makefile:126: recipe for target 'cmTC_4fbb4/fast' failed
make: *** [cmTC_4fbb4/fast] Error 2

File /root/Desktop/Ros_Gazebo/p1/Build/CMakeFiles/CMakeTmp/CheckSymbolExists.c:
/* */
#include <pthread.h>

int main(int argc, char** argv)
{
  (void)argv;
#ifndef pthread_create
  return ((int*)(&pthread_create))[argc];
#else
  (void)argc;
  return 0;
#endif
}

Determining if the function pthread_create exists in the pthreads failed with the following output:
Change Dir: /root/Desktop/Ros_Gazebo/p1/Build/CMakeFiles/CMakeTmp

Run Build Command:"/usr/bin/make" "cmTC_5733d/fast"
/usr/bin/make -f CMakeFiles/cmTC_5733d.dir/build.make CMakeFiles/cmTC_5733d.dir/build
make[1]: Entering directory '/root/Desktop/Ros_Gazebo/p1/Build/CMakeFiles/CMakeTmp'
Building C object CMakeFiles/cmTC_5733d.dir/CheckFunctionExists.c.o
/usr/bin/cc    -DCHECK_FUNCTION_EXISTS=pthread_create   -o CMakeFiles/cmTC_5733d.dir/CheckFunctionExists.c.o   -c /usr/share/cmake-3.5/Modules/CheckFunctionExists.c
Linking C executable cmTC_5733d
/usr/bin/cmake -E cmake_link_script CMakeFiles/cmTC_5733d.dir/link.txt --verbose=1
/usr/bin/cc   -DCHECK_FUNCTION_EXISTS=pthread_create    CMakeFiles/cmTC_5733d.dir/CheckFunctionExists.c.o  -o cmTC_5733d -rdynamic -lpthreads 
/usr/bin/ld: cannot find -lpthreads
collect2: error: ld returned 1 exit status
CMakeFiles/cmTC_5733d.dir/build.make:97: recipe for target 'cmTC_5733d' failed
make[1]: *** [cmTC_5733d] Error 1
make[1]: Leaving directory '/root/Desktop/Ros_Gazebo/p1/Build/CMakeFiles/CMakeTmp'
Makefile:126: recipe for target 'cmTC_5733d/fast' failed
make: *** [cmTC_5733d/fast] Error 2


